<?xml version="1.0" encoding="UTF-8"?>
<!-- Generated by org.testng.reporters.JUnitReportReporter -->
<testsuite hostname="LAPTOP-TGN9GU3D" failures="0" tests="3" name="TestCases.InventoryPageTest" time="33.949" errors="0" timestamp="2023-01-09T02:10:19 IST" skipped="2">
  <testcase classname="TestCases.InventoryPageTest" name="addProductTest" time="33.949"/>
  <testcase classname="TestCases.InventoryPageTest" name="verifyFooterLogo">
    <skipped/>
  </testcase> <!-- verifyFooterLogo -->
  <testcase classname="TestCases.InventoryPageTest" name="verifyPeekLogoTest">
    <skipped/>
  </testcase> <!-- verifyPeekLogoTest -->
</testsuite> <!-- TestCases.InventoryPageTest -->
