<?xml version="1.0" encoding="UTF-8"?>
<!-- Generated by org.testng.reporters.JUnitReportReporter -->
<testsuite hostname="LAPTOP-TGN9GU3D" failures="0" tests="2" name="TestCases.CheckoutStepOnePageTest" time="67.429" errors="0" timestamp="2023-01-09T02:10:19 IST" skipped="0">
  <testcase classname="TestCases.CheckoutStepOnePageTest" name="checkOutDetailsTest" time="28.378"/>
  <testcase classname="TestCases.CheckoutStepOnePageTest" name="verifyCheckoutTextTest" time="39.051"/>
</testsuite> <!-- TestCases.CheckoutStepOnePageTest -->
