<?xml version="1.0" encoding="UTF-8"?>
<!-- Generated by org.testng.reporters.JUnitReportReporter -->
<testsuite hostname="LAPTOP-TGN9GU3D" failures="0" tests="4" name="TestCases.cartPageTest" time="62.988" errors="0" timestamp="2023-01-09T02:10:19 IST" skipped="2">
  <testcase classname="TestCases.cartPageTest" name="cartCountAfterRemoveTest" time="34.397"/>
  <testcase classname="TestCases.cartPageTest" name="checkoutButtonTest" time="28.591"/>
  <testcase classname="TestCases.cartPageTest" name="verifyCartPageUrlTest">
    <skipped/>
  </testcase> <!-- verifyCartPageUrlTest -->
  <testcase classname="TestCases.cartPageTest" name="verifyLogoTest">
    <skipped/>
  </testcase> <!-- verifyLogoTest -->
</testsuite> <!-- TestCases.cartPageTest -->
