<?xml version="1.0" encoding="UTF-8"?>
<!-- Generated by org.testng.reporters.JUnitReportReporter -->
<testsuite hostname="LAPTOP-TGN9GU3D" failures="0" tests="1" name="TestCases.TestPageTest" time="0.006" errors="0" timestamp="2023-01-04T15:57:15 IST" skipped="0">
  <testcase classname="TestCases.TestPageTest" name="syso7" time="0.006"/>
</testsuite> <!-- TestCases.TestPageTest -->
