<?xml version="1.0" encoding="UTF-8"?>
<!-- Generated by org.testng.reporters.JUnitReportReporter -->
<testsuite hostname="LAPTOP-TGN9GU3D" failures="0" tests="4" name="TestCases.ParallelExecution" time="118.700" errors="0" timestamp="2023-01-09T12:47:43 IST" skipped="0">
  <testcase classname="TestCases.ParallelExecution" name="Test4" time="41.616"/>
  <testcase classname="TestCases.ParallelExecution" name="Test2" time="19.314"/>
  <testcase classname="TestCases.ParallelExecution" name="Test1" time="29.288"/>
  <testcase classname="TestCases.ParallelExecution" name="Test3" time="28.482"/>
</testsuite> <!-- TestCases.ParallelExecution -->
