<?xml version="1.0" encoding="UTF-8"?>
<!-- Generated by org.testng.reporters.JUnitReportReporter -->
<testsuite hostname="LAPTOP-TGN9GU3D" failures="0" tests="6" name="TestCases.GroupTest" time="47.973" errors="0" timestamp="2023-01-10T15:17:56 IST" skipped="2">
  <testcase classname="TestCases.GroupTest" name="verifyBotLogoTest" time="18.555"/>
  <testcase classname="TestCases.GroupTest" name="verifyTitleTest" time="2.642"/>
  <testcase classname="TestCases.GroupTest" name="verifyCurrentUrlTest" time="2.545"/>
  <testcase classname="TestCases.GroupTest" name="verifyLoginLogoTest" time="24.231"/>
  <testcase classname="TestCases.GroupTest" name="verifyInventryPageLabelTest">
    <skipped/>
  </testcase> <!-- verifyInventryPageLabelTest -->
  <testcase classname="TestCases.GroupTest" name="verifyLoginToAppTest">
    <skipped/>
  </testcase> <!-- verifyLoginToAppTest -->
</testsuite> <!-- TestCases.GroupTest -->
