<?xml version="1.0" encoding="UTF-8"?>
<!-- Generated by org.testng.reporters.JUnitReportReporter -->
<testsuite hostname="LAPTOP-TGN9GU3D" failures="0" tests="5" name="TestCases.LoginPageTest" time="4.297" errors="0" timestamp="2023-01-10T15:13:01 IST" skipped="4">
  <testcase classname="TestCases.LoginPageTest" name="verifyTitleTest" time="4.297"/>
  <testcase classname="TestCases.LoginPageTest" name="verifyLoginToAppTest">
    <skipped/>
  </testcase> <!-- verifyLoginToAppTest -->
  <testcase classname="TestCases.LoginPageTest" name="verifyInventryPageLabelTest">
    <skipped/>
  </testcase> <!-- verifyInventryPageLabelTest -->
  <testcase classname="TestCases.LoginPageTest" name="verifyBotLogoTest">
    <skipped/>
  </testcase> <!-- verifyBotLogoTest -->
  <testcase classname="TestCases.LoginPageTest" name="verifyLoginLogoTest">
    <skipped/>
  </testcase> <!-- verifyLoginLogoTest -->
</testsuite> <!-- TestCases.LoginPageTest -->
